Program run at: Sun May 12 15:09:24 2019	Getting 1171223514 data...
Program run at: Sun May 12 15:14:30 2019	Getting 1094154656 data...
Program run at: Sun May 12 15:22:00 2019	Getting 1315002130 data...
Program run at: Thu May 30 15:38:09 2019	Getting 2289380607 data...
Exception occured: Thu May 30 15:38:09 2019
name 'url_base' is not defined
Program run at: Thu May 30 15:39:08 2019	Getting 1171223514 data...
Exception occured: Thu May 30 15:39:08 2019
name 'url_base' is not defined
Program run at: Thu May 30 15:41:58 2019	Getting 1171223514 data...
Program run at: Fri Jun 21 20:21:35 2019	Getting 2425779559 data...
Program run at: Sat Jun 22 00:46:04 2019	Getting 1026530462 data...
Cookie expired! Time is Sat Jun 22 00:46:04 2019
Program run at: Sat Jun 22 00:49:14 2019	Getting 1026530462 data...
Program run at: Sat Jun 22 00:49:14 2019	Getting 1014636910 data...
Program run at: Sat Jun 22 00:49:14 2019	Getting 1023826673 data...
Program run at: Sat Jun 22 00:49:14 2019	Getting 1010528524 data...
Program run at: Sat Jun 22 00:49:14 2019	Getting 1006575026 data...
Cookie expired! Time is Sat Jun 22 00:49:14 2019
Cookie expired! Time is Sat Jun 22 00:49:14 2019
Cookie expired! Time is Sat Jun 22 00:49:14 2019
Cookie expired! Time is Sat Jun 22 00:49:14 2019
Cookie expired! Time is Sat Jun 22 00:49:14 2019
Program run at: Sat Jun 22 00:49:52 2019	Getting 1010528524 data...
Program run at: Sat Jun 22 00:49:52 2019	Getting 1014636910 data...
Program run at: Sat Jun 22 00:49:52 2019	Getting 1006575026 data...
Program run at: Sat Jun 22 00:49:52 2019	Getting 1023826673 data...
Program run at: Sat Jun 22 00:49:52 2019	Getting 1026530462 data...
Cookie expired! Time is Sat Jun 22 00:49:52 2019
Cookie expired! Time is Sat Jun 22 00:49:52 2019
Cookie expired! Time is Sat Jun 22 00:49:52 2019
Cookie expired! Time is Sat Jun 22 00:49:52 2019
Cookie expired! Time is Sat Jun 22 00:49:52 2019
Program run at: Sat Jun 22 00:49:57 2019	Getting 2289380607 data...
Program run at: Sat Jun 22 00:49:57 2019	Getting 2425779559 data...
Cookie expired! Time is Sat Jun 22 00:49:57 2019
Cookie expired! Time is Sat Jun 22 00:49:57 2019
Program run at: Sat Jun 22 00:51:06 2019	Getting 1026530462 data...
Program run at: Sat Jun 22 00:51:06 2019	Getting 1010528524 data...
Program run at: Sat Jun 22 00:51:06 2019	Getting 1023826673 data...
Program run at: Sat Jun 22 00:51:06 2019	Getting 1014636910 data...
Program run at: Sat Jun 22 00:51:06 2019	Getting 1006575026 data...
1006575026 No access..
Program run at: Sat Jun 22 00:51:16 2019	Getting 2289380607 data...
Program run at: Sat Jun 22 00:51:16 2019	Getting 2425779559 data...
Program run at: Sat Jun 22 00:53:54 2019	Getting 1026530462 data...
Program run at: Sat Jun 22 00:53:54 2019	Getting 1014636910 data...
Program run at: Sat Jun 22 00:53:54 2019	Getting 1023826673 data...
Program run at: Sat Jun 22 00:53:54 2019	Getting 1010528524 data...
Program run at: Sat Jun 22 00:53:54 2019	Getting 1006575026 data...
Cookie expired! Time is Sat Jun 22 00:53:54 2019
Cookie expired! Time is Sat Jun 22 00:53:54 2019
Cookie expired! Time is Sat Jun 22 00:53:54 2019
Cookie expired! Time is Sat Jun 22 00:53:54 2019
Cookie expired! Time is Sat Jun 22 00:53:54 2019
Program run at: Sat Jun 22 00:53:59 2019	Getting 2425779559 data...
Program run at: Sat Jun 22 00:53:59 2019	Getting 2289380607 data...
Cookie expired! Time is Sat Jun 22 00:53:59 2019
Cookie expired! Time is Sat Jun 22 00:53:59 2019
Program run at: Sat Jun 22 00:55:22 2019	Getting 1026530462 data...
Program run at: Sat Jun 22 00:55:22 2019	Getting 1023826673 data...
Program run at: Sat Jun 22 00:55:22 2019	Getting 1014636910 data...
Program run at: Sat Jun 22 00:55:22 2019	Getting 1010528524 data...
Program run at: Sat Jun 22 00:55:22 2019	Getting 1006575026 data...
Cookie expired! Time is Sat Jun 22 00:55:22 2019
Cookie expired! Time is Sat Jun 22 00:55:22 2019
Cookie expired! Time is Sat Jun 22 00:55:22 2019
Cookie expired! Time is Sat Jun 22 00:55:22 2019
Cookie expired! Time is Sat Jun 22 00:55:22 2019
Program run at: Sat Jun 22 00:55:27 2019	Getting 2289380607 data...
Program run at: Sat Jun 22 00:55:27 2019	Getting 2425779559 data...
Cookie expired! Time is Sat Jun 22 00:55:27 2019
Cookie expired! Time is Sat Jun 22 00:55:27 2019
Program run at: Sat Jun 22 00:59:47 2019	Getting 1026530462 data...
Program run at: Sat Jun 22 00:59:47 2019	Getting 1023826673 data...
Program run at: Sat Jun 22 00:59:47 2019	Getting 1010528524 data...
Program run at: Sat Jun 22 00:59:47 2019	Getting 1014636910 data...
Program run at: Sat Jun 22 00:59:47 2019	Getting 1006575026 data...
1006575026 No access..
Program run at: Sat Jun 22 00:59:57 2019	Getting 2289380607 data...
Program run at: Sat Jun 22 00:59:57 2019	Getting 2425779559 data...
